<?xml version="1.0" encoding="UTF-8"?>
<!-- Generated by org.testng.reporters.JUnitXMLReporter -->
<testsuite ignored="1" hostname="LAPTOP-MCCOM0BI" failures="0" tests="6" name="Car Loan" time="0.047" errors="0" timestamp="2025-03-11T15:22:23 PST">
  <testcase classname="test.Day3" name="LoginAPIcarLoan" time="0.001"/>
  <testcase classname="test.Day3" name="MobileLogIncarLoan" time="0.001"/>
  <testcase classname="test.Day3" name="MobileLogOutcarLoan" time="0.006"/>
  <testcase classname="test.Day3" name="MobileLogOutcarLoan" time="0.002"/>
  <testcase classname="test.Day3" name="MobileLogOutcarLoan" time="0.001"/>
  <testcase classname="test.Day3" name="WebloginCarLoan" time="0.001"/>
  <testcase classname="test.Day3" name="MobileSignIncarLoan" time="0.0">
    <ignored/>
  </testcase> <!-- MobileSignIncarLoan -->
</testsuite> <!-- Car Loan -->
