<?xml version="1.0" encoding="UTF-8"?>
<!-- Generated by org.testng.reporters.JUnitXMLReporter -->
<testsuite ignored="1" hostname="LAPTOP-MCCOM0BI" failures="0" tests="5" name="Personal Loan" time="0.105" errors="0" timestamp="2025-03-11T15:22:23 PST">
  <testcase classname="test.Day1" name="demo" time="0.015"/>
  <testcase classname="test.Day2" name="loan" time="0.002"/>
  <testcase classname="test.Day4" name="LoginAPIHomeLoan" time="0.002"/>
  <testcase classname="test.Day4" name="MobileLogInHomeLoan" time="0.002"/>
  <testcase classname="test.Day4" name="WebloginHomeLoan" time="0.002"/>
  <testcase classname="test.Day1" name="SecondTest" time="0.0">
    <ignored/>
  </testcase> <!-- SecondTest -->
</testsuite> <!-- Personal Loan -->
