<?xml version="1.0" encoding="UTF-8"?>
<testng-results ignored="1" total="2" passed="1" failed="0" skipped="0">
  <reporter-output>
  </reporter-output>
  <suite started-at="2025-03-19T10:58:39 PST" name="Default suite" finished-at="2025-03-19T10:58:40 PST" duration-ms="87">
    <groups>
    </groups>
    <test started-at="2025-03-19T10:58:39 PST" name="Default test" finished-at="2025-03-19T10:58:40 PST" duration-ms="87">
      <class name="test.RESTAPITest">
        <test-method signature="postJira()[pri:0, instance:test.RESTAPITest@158d2680]" started-at="2025-03-19T10:58:40 PST" name="postJira" finished-at="2025-03-19T10:58:40 PST" duration-ms="18" status="PASS">
          <reporter-output>
          </reporter-output>
        </test-method> <!-- postJira -->
      </class> <!-- test.RESTAPITest -->
    </test> <!-- Default test -->
  </suite> <!-- Default suite -->
</testng-results>
